<?xml version="1.0" encoding="UTF-8"?>
<testng-results ignored="0" total="1" passed="1" failed="0" skipped="0">
  <reporter-output>
  </reporter-output>
  <suite started-at="2024-08-02T13:06:19 PDT" name="Default suite" finished-at="2024-08-02T13:06:38 PDT" duration-ms="18694">
    <groups>
    </groups>
    <test started-at="2024-08-02T13:06:19 PDT" name="Default test" finished-at="2024-08-02T13:06:38 PDT" duration-ms="18694">
      <class name="TechCrunchSearchTest">
        <test-method is-config="true" signature="setUp()[pri:0, instance:TechCrunchSearchTest@1bb5a082]" started-at="2024-08-02T13:06:19 PDT" name="setUp" finished-at="2024-08-02T13:06:20 PDT" duration-ms="1123" status="PASS">
          <reporter-output>
          </reporter-output>
        </test-method> <!-- setUp -->
        <test-method signature="verifySearchFunctionality()[pri:0, instance:TechCrunchSearchTest@1bb5a082]" started-at="2024-08-02T13:06:20 PDT" name="verifySearchFunctionality" finished-at="2024-08-02T13:06:38 PDT" duration-ms="17346" status="PASS">
          <reporter-output>
          </reporter-output>
        </test-method> <!-- verifySearchFunctionality -->
        <test-method is-config="true" signature="tearDown()[pri:0, instance:TechCrunchSearchTest@1bb5a082]" started-at="2024-08-02T13:06:38 PDT" name="tearDown" finished-at="2024-08-02T13:06:38 PDT" duration-ms="196" status="PASS">
          <reporter-output>
          </reporter-output>
        </test-method> <!-- tearDown -->
      </class> <!-- TechCrunchSearchTest -->
    </test> <!-- Default test -->
  </suite> <!-- Default suite -->
</testng-results>
